==============================
 LOG ANALYSIS REPORT
==============================
Date:        Thu Jun 11 08:34:22 PM IST 2026
Log file:    /tmp/test.log
Total lines: 500
Total errors: 112

--- Top 5 Error Messages ---
     31 Invalid input
     24 Disk full
     23 Out of memory
     19 Segmentation fault
     15 Failed to connect

--- Critical Events ---
Line 4: 2026-06-11 19:49:14 [CRITICAL]  - 9542
Line 5: 2026-06-11 19:49:14 [CRITICAL]  - 26969
Line 13: 2026-06-11 19:49:14 [CRITICAL]  - 3666
Line 16: 2026-06-11 19:49:14 [CRITICAL]  - 25783
Line 18: 2026-06-11 19:49:14 [CRITICAL]  - 8730
Line 30: 2026-06-11 19:49:14 [CRITICAL]  - 20526
Line 39: 2026-06-11 19:49:14 [CRITICAL]  - 27259
Line 41: 2026-06-11 19:49:14 [CRITICAL]  - 24843
Line 44: 2026-06-11 19:49:14 [CRITICAL]  - 30348
Line 51: 2026-06-11 19:49:14 [CRITICAL]  - 4394
Line 54: 2026-06-11 19:49:14 [CRITICAL]  - 20884
Line 62: 2026-06-11 19:49:14 [CRITICAL]  - 16646
Line 70: 2026-06-11 19:49:14 [CRITICAL]  - 4141
Line 74: 2026-06-11 19:49:14 [CRITICAL]  - 24805
Line 83: 2026-06-11 19:49:14 [CRITICAL]  - 13808
Line 85: 2026-06-11 19:49:14 [CRITICAL]  - 22328
Line 90: 2026-06-11 19:49:14 [CRITICAL]  - 2250
Line 97: 2026-06-11 19:49:14 [CRITICAL]  - 17793
Line 101: 2026-06-11 19:49:14 [CRITICAL]  - 12811
Line 109: 2026-06-11 19:49:14 [CRITICAL]  - 28489
Line 110: 2026-06-11 19:49:14 [CRITICAL]  - 4845
Line 117: 2026-06-11 19:49:14 [CRITICAL]  - 18862
Line 120: 2026-06-11 19:49:14 [CRITICAL]  - 25931
Line 127: 2026-06-11 19:49:14 [CRITICAL]  - 16439
Line 131: 2026-06-11 19:49:14 [CRITICAL]  - 27297
Line 132: 2026-06-11 19:49:14 [CRITICAL]  - 22150
Line 146: 2026-06-11 19:49:14 [CRITICAL]  - 31932
Line 147: 2026-06-11 19:49:14 [CRITICAL]  - 29903
Line 161: 2026-06-11 19:49:14 [CRITICAL]  - 18163
Line 165: 2026-06-11 19:49:14 [CRITICAL]  - 10383
Line 185: 2026-06-11 19:49:14 [CRITICAL]  - 17871
Line 208: 2026-06-11 19:49:15 [CRITICAL]  - 19688
Line 210: 2026-06-11 19:49:15 [CRITICAL]  - 28471
Line 211: 2026-06-11 19:49:15 [CRITICAL]  - 17269
Line 216: 2026-06-11 19:49:15 [CRITICAL]  - 2897
Line 218: 2026-06-11 19:49:15 [CRITICAL]  - 13826
Line 223: 2026-06-11 19:49:15 [CRITICAL]  - 18689
Line 229: 2026-06-11 19:49:15 [CRITICAL]  - 19438
Line 232: 2026-06-11 19:49:15 [CRITICAL]  - 1415
Line 236: 2026-06-11 19:49:15 [CRITICAL]  - 12373
Line 237: 2026-06-11 19:49:15 [CRITICAL]  - 10408
Line 239: 2026-06-11 19:49:15 [CRITICAL]  - 15639
Line 247: 2026-06-11 19:49:15 [CRITICAL]  - 31230
Line 255: 2026-06-11 19:49:15 [CRITICAL]  - 7079
Line 257: 2026-06-11 19:49:15 [CRITICAL]  - 3164
Line 264: 2026-06-11 19:49:15 [CRITICAL]  - 19502
Line 267: 2026-06-11 19:49:15 [CRITICAL]  - 26178
Line 274: 2026-06-11 19:49:15 [CRITICAL]  - 953
Line 278: 2026-06-11 19:49:15 [CRITICAL]  - 17734
Line 287: 2026-06-11 19:49:15 [CRITICAL]  - 17728
Line 288: 2026-06-11 19:49:15 [CRITICAL]  - 29374
Line 292: 2026-06-11 19:49:15 [CRITICAL]  - 22356
Line 293: 2026-06-11 19:49:15 [CRITICAL]  - 20219
Line 296: 2026-06-11 19:49:15 [CRITICAL]  - 16337
Line 307: 2026-06-11 19:49:15 [CRITICAL]  - 10703
Line 308: 2026-06-11 19:49:15 [CRITICAL]  - 14166
Line 316: 2026-06-11 19:49:15 [CRITICAL]  - 31254
Line 317: 2026-06-11 19:49:15 [CRITICAL]  - 29691
Line 319: 2026-06-11 19:49:15 [CRITICAL]  - 10686
Line 324: 2026-06-11 19:49:15 [CRITICAL]  - 8071
Line 331: 2026-06-11 19:49:15 [CRITICAL]  - 25933
Line 354: 2026-06-11 19:49:15 [CRITICAL]  - 16647
Line 355: 2026-06-11 19:49:15 [CRITICAL]  - 11313
Line 356: 2026-06-11 19:49:15 [CRITICAL]  - 22678
Line 360: 2026-06-11 19:49:15 [CRITICAL]  - 6915
Line 371: 2026-06-11 19:49:15 [CRITICAL]  - 24180
Line 373: 2026-06-11 19:49:15 [CRITICAL]  - 10494
Line 383: 2026-06-11 19:49:15 [CRITICAL]  - 2652
Line 384: 2026-06-11 19:49:15 [CRITICAL]  - 17857
Line 385: 2026-06-11 19:49:15 [CRITICAL]  - 1030
Line 392: 2026-06-11 19:49:15 [CRITICAL]  - 1009
Line 393: 2026-06-11 19:49:15 [CRITICAL]  - 25351
Line 398: 2026-06-11 19:49:15 [CRITICAL]  - 28620
Line 399: 2026-06-11 19:49:15 [CRITICAL]  - 2986
Line 404: 2026-06-11 19:49:15 [CRITICAL]  - 3658
Line 410: 2026-06-11 19:49:15 [CRITICAL]  - 18467
Line 413: 2026-06-11 19:49:15 [CRITICAL]  - 14026
Line 419: 2026-06-11 19:49:15 [CRITICAL]  - 18703
Line 424: 2026-06-11 19:49:15 [CRITICAL]  - 337
Line 443: 2026-06-11 19:49:15 [CRITICAL]  - 28387
Line 445: 2026-06-11 19:49:15 [CRITICAL]  - 26496
Line 449: 2026-06-11 19:49:15 [CRITICAL]  - 31483
Line 451: 2026-06-11 19:49:15 [CRITICAL]  - 31265
Line 454: 2026-06-11 19:49:15 [CRITICAL]  - 27708
Line 456: 2026-06-11 19:49:15 [CRITICAL]  - 10253
Line 473: 2026-06-11 19:49:15 [CRITICAL]  - 15514
Line 477: 2026-06-11 19:49:15 [CRITICAL]  - 12518
Line 483: 2026-06-11 19:49:15 [CRITICAL]  - 5561
Line 485: 2026-06-11 19:49:15 [CRITICAL]  - 24
Line 487: 2026-06-11 19:49:15 [CRITICAL]  - 20308
Line 494: 2026-06-11 19:49:15 [CRITICAL]  - 16914
Line 496: 2026-06-11 19:49:15 [CRITICAL]  - 12464
==============================
